<?xml version="1.0" encoding="UTF-8"?>
<!-- Generated by org.testng.reporters.JUnitReportReporter -->
<testsuite skipped="0" hostname="DESKTOP-I5FDIJE" name="qaclickacadmy.RestapiTest" tests="2" failures="0" timestamp="31 Jul 2019 19:56:01 GMT" time="0.000" errors="0">
  <testcase name="restapibrowserautomation" time="0.000" classname="qaclickacadmy.RestapiTest"/>
  <testcase name="restapielementsui" time="0.000" classname="qaclickacadmy.RestapiTest"/>
</testsuite> <!-- qaclickacadmy.RestapiTest -->
